CompileCommand: exclude com/intellij/openapi/vfs/impl/FilePartNodeRoot.trieDescend bool exclude = true
2024-01-14 18:19:10,839 [    480]   WARN - #c.i.s.ComponentManagerImpl - `preload=true` must be used only for core services (service=com.jetbrains.rdserver.statistics.BackendStatisticsManager, plugin=com.jetbrains.codeWithMe)
2024-01-14 18:19:11,582 [   1223]   WARN - #c.i.i.u.UITheme - SplitPane.highlight=#50535B  has # prefix but cannot be parsed as color
2024-01-14 18:19:11,651 [   1292]   WARN - #c.i.i.u.UITheme - *.arc has numeric value but specified as string
2024-01-14 18:19:11,654 [   1295]   WARN - #c.i.i.u.UITheme - SplitPane.highlight=#50535B  has # prefix but cannot be parsed as color
2024-01-14 18:19:11,707 [   1348]   WARN - #c.i.s.ComponentManagerImpl - com.intellij.psi.search.FilenameIndex initializer requests com.intellij.ide.plugins.PluginUtil instance
2024-01-14 18:19:11,845 [   1486]   WARN - #c.i.i.u.UIThemeBean - Do not set theme id in JSON (value=f92a0fa7-1a98-47cd-b5cb-78ff67e6f4f3)
2024-01-14 18:19:11,856 [   1497]   WARN - #c.i.i.u.UIThemeBean - Do not set theme id in JSON (value=1a92aa6f-c2f1-4994-ae01-6a78e43eeb24)
2024-01-14 18:19:11,868 [   1509]   WARN - #c.i.i.u.UIThemeBean - Do not set theme id in JSON (value=4b6007f7-b596-4ee2-96f9-968d3d3eb392)
2024-01-14 18:19:11,883 [   1524]   WARN - #c.i.i.u.UIThemeBean - Do not set theme id in JSON (value=4f556d32-83cb-4b8b-9932-c4eccc4ce3af)
2024-01-14 18:19:11,912 [   1553]   WARN - #c.i.o.e.c.i.EditorColorsManagerImpl - Skipping '_@user_Night Owl (Material)' because its parent scheme 'Night Owl (Material)' is missing.
2024-01-14 18:19:11,913 [   1554]   WARN - #c.i.o.e.c.i.EditorColorsManagerImpl - Skipping '_@user_Moonlight (Material)' because its parent scheme 'Moonlight (Material)' is missing.
2024-01-14 18:19:12,308 [   1949]   WARN - #c.i.s.ComponentManagerImpl - com.intellij.lang.javascript.psi.jsdoc.impl.JSDocCustomTags initializer requests com.intellij.lang.javascript.JSDisposable instance
2024-01-14 18:19:13,391 [   3032]   WARN - #c.i.s.ComponentManagerImpl - com.intellij.psi.LanguageSubstitutors initializer requests com.intellij.psi.LanguageSubstitutors instance
2024-01-14 18:19:13,427 [   3068]   WARN - #c.i.s.ComponentManagerImpl - com.maddyhome.idea.vim.api.Options initializer requests com.maddyhome.idea.vim.api.SystemInfoService instance
2024-01-14 18:19:13,471 [   3112]   WARN - #c.i.s.ComponentManagerImpl - org.zmlx.hg4idea.provider.HgChangeProvider initializer requests com.intellij.openapi.vcs.FileStatusFactory instance
2024-01-14 18:19:14,637 [   4278]   WARN - #c.i.s.ComponentManagerImpl - com.intellij.lang.javascript.JSMinifiedFileUtil initializer requests com.intellij.util.gist.GistManager instance
2024-01-14 18:19:15,245 [   4886]   WARN - #c.i.o.v.n.p.d.e.DurableEnumeratorFactory - [enumerator.mmapped]: .valueToId map is out-of-sync with .valuesLog data -> rebuilding it
2024-01-14 18:19:15,919 [   5560]   WARN - #c.i.i.s.i.StartupManagerImpl - Migrate com.maddyhome.idea.vim.handler.EditorHandlersChainLogger to ProjectActivity [Plugin: IdeaVIM]
com.intellij.diagnostic.PluginException: Migrate com.maddyhome.idea.vim.handler.EditorHandlersChainLogger to ProjectActivity [Plugin: IdeaVIM]
	at com.intellij.ide.startup.impl.StartupManagerImpl.runPostStartupActivities(StartupManagerImpl.kt:277)
	at com.intellij.ide.startup.impl.StartupManagerImpl.access$runPostStartupActivities(StartupManagerImpl.kt:69)
	at com.intellij.ide.startup.impl.StartupManagerImpl$runPostStartupActivities$3$2.invokeSuspend(StartupManagerImpl.kt:192)
	at com.intellij.ide.startup.impl.StartupManagerImpl$runPostStartupActivities$3$2.invoke(StartupManagerImpl.kt)
	at com.intellij.ide.startup.impl.StartupManagerImpl$runPostStartupActivities$3$2.invoke(StartupManagerImpl.kt)
	at kotlinx.coroutines.intrinsics.UndispatchedKt.startUndispatchedOrReturn(Undispatched.kt:78)
	at kotlinx.coroutines.BuildersKt__Builders_commonKt.withContext(Builders.common.kt:167)
	at kotlinx.coroutines.BuildersKt.withContext(Unknown Source)
	at com.intellij.ide.startup.impl.StartupManagerImpl$runPostStartupActivities$3.invokeSuspend(StartupManagerImpl.kt:191)
	at kotlin.coroutines.jvm.internal.BaseContinuationImpl.resumeWith(ContinuationImpl.kt:33)
	at kotlinx.coroutines.DispatchedTask.run(DispatchedTask.kt:108)
	at kotlinx.coroutines.scheduling.CoroutineScheduler.runSafely(CoroutineScheduler.kt:584)
	at kotlinx.coroutines.scheduling.CoroutineScheduler$Worker.executeTask(CoroutineScheduler.kt:793)
	at kotlinx.coroutines.scheduling.CoroutineScheduler$Worker.runWorker(CoroutineScheduler.kt:697)
	at kotlinx.coroutines.scheduling.CoroutineScheduler$Worker.run(CoroutineScheduler.kt:684)
2024-01-14 18:19:15,930 [   5571]   WARN - #c.i.i.s.i.StartupManagerImpl - Migrate com.maddyhome.idea.vim.handler.KeymapChecker to ProjectActivity [Plugin: IdeaVIM]
com.intellij.diagnostic.PluginException: Migrate com.maddyhome.idea.vim.handler.KeymapChecker to ProjectActivity [Plugin: IdeaVIM]
	at com.intellij.ide.startup.impl.StartupManagerImpl.runPostStartupActivities(StartupManagerImpl.kt:277)
	at com.intellij.ide.startup.impl.StartupManagerImpl.access$runPostStartupActivities(StartupManagerImpl.kt:69)
	at com.intellij.ide.startup.impl.StartupManagerImpl$runPostStartupActivities$3$2.invokeSuspend(StartupManagerImpl.kt:192)
	at com.intellij.ide.startup.impl.StartupManagerImpl$runPostStartupActivities$3$2.invoke(StartupManagerImpl.kt)
	at com.intellij.ide.startup.impl.StartupManagerImpl$runPostStartupActivities$3$2.invoke(StartupManagerImpl.kt)
	at kotlinx.coroutines.intrinsics.UndispatchedKt.startUndispatchedOrReturn(Undispatched.kt:78)
	at kotlinx.coroutines.BuildersKt__Builders_commonKt.withContext(Builders.common.kt:167)
	at kotlinx.coroutines.BuildersKt.withContext(Unknown Source)
	at com.intellij.ide.startup.impl.StartupManagerImpl$runPostStartupActivities$3.invokeSuspend(StartupManagerImpl.kt:191)
	at kotlin.coroutines.jvm.internal.BaseContinuationImpl.resumeWith(ContinuationImpl.kt:33)
	at kotlinx.coroutines.DispatchedTask.run(DispatchedTask.kt:108)
	at kotlinx.coroutines.scheduling.CoroutineScheduler.runSafely(CoroutineScheduler.kt:584)
	at kotlinx.coroutines.scheduling.CoroutineScheduler$Worker.executeTask(CoroutineScheduler.kt:793)
	at kotlinx.coroutines.scheduling.CoroutineScheduler$Worker.runWorker(CoroutineScheduler.kt:697)
	at kotlinx.coroutines.scheduling.CoroutineScheduler$Worker.run(CoroutineScheduler.kt:684)
2024-01-14 18:19:15,934 [   5575]   WARN - #c.i.i.s.i.StartupManagerImpl - Migrate com.maddyhome.idea.vim.handler.CopilotKeymapCorrector to ProjectActivity [Plugin: IdeaVIM]
com.intellij.diagnostic.PluginException: Migrate com.maddyhome.idea.vim.handler.CopilotKeymapCorrector to ProjectActivity [Plugin: IdeaVIM]
	at com.intellij.ide.startup.impl.StartupManagerImpl.runPostStartupActivities(StartupManagerImpl.kt:277)
	at com.intellij.ide.startup.impl.StartupManagerImpl.access$runPostStartupActivities(StartupManagerImpl.kt:69)
	at com.intellij.ide.startup.impl.StartupManagerImpl$runPostStartupActivities$3$2.invokeSuspend(StartupManagerImpl.kt:192)
	at com.intellij.ide.startup.impl.StartupManagerImpl$runPostStartupActivities$3$2.invoke(StartupManagerImpl.kt)
	at com.intellij.ide.startup.impl.StartupManagerImpl$runPostStartupActivities$3$2.invoke(StartupManagerImpl.kt)
	at kotlinx.coroutines.intrinsics.UndispatchedKt.startUndispatchedOrReturn(Undispatched.kt:78)
	at kotlinx.coroutines.BuildersKt__Builders_commonKt.withContext(Builders.common.kt:167)
	at kotlinx.coroutines.BuildersKt.withContext(Unknown Source)
	at com.intellij.ide.startup.impl.StartupManagerImpl$runPostStartupActivities$3.invokeSuspend(StartupManagerImpl.kt:191)
	at kotlin.coroutines.jvm.internal.BaseContinuationImpl.resumeWith(ContinuationImpl.kt:33)
	at kotlinx.coroutines.DispatchedTask.run(DispatchedTask.kt:108)
	at kotlinx.coroutines.scheduling.CoroutineScheduler.runSafely(CoroutineScheduler.kt:584)
	at kotlinx.coroutines.scheduling.CoroutineScheduler$Worker.executeTask(CoroutineScheduler.kt:793)
	at kotlinx.coroutines.scheduling.CoroutineScheduler$Worker.runWorker(CoroutineScheduler.kt:697)
	at kotlinx.coroutines.scheduling.CoroutineScheduler$Worker.run(CoroutineScheduler.kt:684)
2024-01-14 18:19:15,984 [   5625]   WARN - #o.j.p.t.TextMateService - Cannot find referenced file `./language-configuration.json` in bundle `/home/zancc/.local/share/JetBrains/Toolbox/apps/phpstorm/plugins/textmate/lib/bundles/mdx`
2024-01-14 18:19:16,080 [   5721]   WARN - #c.i.i.s.p.i.BundledSharedIndexPostStartupActivity - Skipped 1 pre-built shared indexes: bundled-js-predefined-1d06a55b98c1-c44b541a36ca-JavaScript-PS-233.13135.108
2024-01-14 18:19:16,394 [   6035]   WARN - #c.i.i.s.i.StartupManagerImpl - Migrate com.jetbrains.php.tools.quality.psalm.PsalmSettingsTransferStartupActivity to ProjectActivity [Plugin: com.intellij.php.psalm]
com.intellij.diagnostic.PluginException: Migrate com.jetbrains.php.tools.quality.psalm.PsalmSettingsTransferStartupActivity to ProjectActivity [Plugin: com.intellij.php.psalm]
	at com.intellij.ide.startup.impl.StartupManagerImpl.runPostStartupActivities(StartupManagerImpl.kt:277)
	at com.intellij.ide.startup.impl.StartupManagerImpl.access$runPostStartupActivities(StartupManagerImpl.kt:69)
	at com.intellij.ide.startup.impl.StartupManagerImpl$runPostStartupActivities$3$2.invokeSuspend(StartupManagerImpl.kt:192)
	at com.intellij.ide.startup.impl.StartupManagerImpl$runPostStartupActivities$3$2.invoke(StartupManagerImpl.kt)
	at com.intellij.ide.startup.impl.StartupManagerImpl$runPostStartupActivities$3$2.invoke(StartupManagerImpl.kt)
	at kotlinx.coroutines.intrinsics.UndispatchedKt.startUndispatchedOrReturn(Undispatched.kt:78)
	at kotlinx.coroutines.BuildersKt__Builders_commonKt.withContext(Builders.common.kt:167)
	at kotlinx.coroutines.BuildersKt.withContext(Unknown Source)
	at com.intellij.ide.startup.impl.StartupManagerImpl$runPostStartupActivities$3.invokeSuspend(StartupManagerImpl.kt:191)
	at kotlin.coroutines.jvm.internal.BaseContinuationImpl.resumeWith(ContinuationImpl.kt:33)
	at kotlinx.coroutines.DispatchedTask.run(DispatchedTask.kt:108)
	at kotlinx.coroutines.scheduling.CoroutineScheduler.runSafely(CoroutineScheduler.kt:584)
	at kotlinx.coroutines.scheduling.CoroutineScheduler$Worker.executeTask(CoroutineScheduler.kt:793)
	at kotlinx.coroutines.scheduling.CoroutineScheduler$Worker.runWorker(CoroutineScheduler.kt:697)
	at kotlinx.coroutines.scheduling.CoroutineScheduler$Worker.run(CoroutineScheduler.kt:684)
2024-01-14 18:19:16,402 [   6043]   WARN - #c.i.i.s.i.StartupManagerImpl - Migrate com.jetbrains.php.tools.quality.phpstan.PhpStanSettingsTransferStartupActivity to ProjectActivity [Plugin: com.intellij.php.tools.quality.phpstan]
com.intellij.diagnostic.PluginException: Migrate com.jetbrains.php.tools.quality.phpstan.PhpStanSettingsTransferStartupActivity to ProjectActivity [Plugin: com.intellij.php.tools.quality.phpstan]
	at com.intellij.ide.startup.impl.StartupManagerImpl.runPostStartupActivities(StartupManagerImpl.kt:277)
	at com.intellij.ide.startup.impl.StartupManagerImpl.access$runPostStartupActivities(StartupManagerImpl.kt:69)
	at com.intellij.ide.startup.impl.StartupManagerImpl$runPostStartupActivities$3$2.invokeSuspend(StartupManagerImpl.kt:192)
	at com.intellij.ide.startup.impl.StartupManagerImpl$runPostStartupActivities$3$2.invoke(StartupManagerImpl.kt)
	at com.intellij.ide.startup.impl.StartupManagerImpl$runPostStartupActivities$3$2.invoke(StartupManagerImpl.kt)
	at kotlinx.coroutines.intrinsics.UndispatchedKt.startUndispatchedOrReturn(Undispatched.kt:78)
	at kotlinx.coroutines.BuildersKt__Builders_commonKt.withContext(Builders.common.kt:167)
	at kotlinx.coroutines.BuildersKt.withContext(Unknown Source)
	at com.intellij.ide.startup.impl.StartupManagerImpl$runPostStartupActivities$3.invokeSuspend(StartupManagerImpl.kt:191)
	at kotlin.coroutines.jvm.internal.BaseContinuationImpl.resumeWith(ContinuationImpl.kt:33)
	at kotlinx.coroutines.DispatchedTask.run(DispatchedTask.kt:108)
	at kotlinx.coroutines.scheduling.CoroutineScheduler.runSafely(CoroutineScheduler.kt:584)
	at kotlinx.coroutines.scheduling.CoroutineScheduler$Worker.executeTask(CoroutineScheduler.kt:793)
	at kotlinx.coroutines.scheduling.CoroutineScheduler$Worker.runWorker(CoroutineScheduler.kt:697)
	at kotlinx.coroutines.scheduling.CoroutineScheduler$Worker.run(CoroutineScheduler.kt:684)
2024-01-14 18:19:16,413 [   6054]   WARN - #c.i.i.s.i.StartupManagerImpl - Migrate ಷѹ to ProjectActivity [Plugin: izhangzhihao.rainbow.brackets]
com.intellij.diagnostic.PluginException: Migrate ಷѹ to ProjectActivity [Plugin: izhangzhihao.rainbow.brackets]
	at com.intellij.ide.startup.impl.StartupManagerImpl.runPostStartupActivities(StartupManagerImpl.kt:277)
	at com.intellij.ide.startup.impl.StartupManagerImpl.access$runPostStartupActivities(StartupManagerImpl.kt:69)
	at com.intellij.ide.startup.impl.StartupManagerImpl$runPostStartupActivities$3$2.invokeSuspend(StartupManagerImpl.kt:192)
	at com.intellij.ide.startup.impl.StartupManagerImpl$runPostStartupActivities$3$2.invoke(StartupManagerImpl.kt)
	at com.intellij.ide.startup.impl.StartupManagerImpl$runPostStartupActivities$3$2.invoke(StartupManagerImpl.kt)
	at kotlinx.coroutines.intrinsics.UndispatchedKt.startUndispatchedOrReturn(Undispatched.kt:78)
	at kotlinx.coroutines.BuildersKt__Builders_commonKt.withContext(Builders.common.kt:167)
	at kotlinx.coroutines.BuildersKt.withContext(Unknown Source)
	at com.intellij.ide.startup.impl.StartupManagerImpl$runPostStartupActivities$3.invokeSuspend(StartupManagerImpl.kt:191)
	at kotlin.coroutines.jvm.internal.BaseContinuationImpl.resumeWith(ContinuationImpl.kt:33)
	at kotlinx.coroutines.DispatchedTask.run(DispatchedTask.kt:108)
	at kotlinx.coroutines.scheduling.CoroutineScheduler.runSafely(CoroutineScheduler.kt:584)
	at kotlinx.coroutines.scheduling.CoroutineScheduler$Worker.executeTask(CoroutineScheduler.kt:793)
	at kotlinx.coroutines.scheduling.CoroutineScheduler$Worker.runWorker(CoroutineScheduler.kt:697)
	at kotlinx.coroutines.scheduling.CoroutineScheduler$Worker.run(CoroutineScheduler.kt:684)
2024-01-14 18:19:16,440 [   6081]   WARN - #c.i.i.s.i.StartupManagerImpl - Migrate Ёด to ProjectActivity [Plugin: izhangzhihao.rainbow.brackets]
com.intellij.diagnostic.PluginException: Migrate Ёด to ProjectActivity [Plugin: izhangzhihao.rainbow.brackets]
	at com.intellij.ide.startup.impl.StartupManagerImpl.runPostStartupActivities(StartupManagerImpl.kt:277)
	at com.intellij.ide.startup.impl.StartupManagerImpl.access$runPostStartupActivities(StartupManagerImpl.kt:69)
	at com.intellij.ide.startup.impl.StartupManagerImpl$runPostStartupActivities$3$2.invokeSuspend(StartupManagerImpl.kt:192)
	at com.intellij.ide.startup.impl.StartupManagerImpl$runPostStartupActivities$3$2.invoke(StartupManagerImpl.kt)
	at com.intellij.ide.startup.impl.StartupManagerImpl$runPostStartupActivities$3$2.invoke(StartupManagerImpl.kt)
	at kotlinx.coroutines.intrinsics.UndispatchedKt.startUndispatchedOrReturn(Undispatched.kt:78)
	at kotlinx.coroutines.BuildersKt__Builders_commonKt.withContext(Builders.common.kt:167)
	at kotlinx.coroutines.BuildersKt.withContext(Unknown Source)
	at com.intellij.ide.startup.impl.StartupManagerImpl$runPostStartupActivities$3.invokeSuspend(StartupManagerImpl.kt:191)
	at kotlin.coroutines.jvm.internal.BaseContinuationImpl.resumeWith(ContinuationImpl.kt:33)
	at kotlinx.coroutines.DispatchedTask.run(DispatchedTask.kt:108)
	at kotlinx.coroutines.scheduling.CoroutineScheduler.runSafely(CoroutineScheduler.kt:584)
	at kotlinx.coroutines.scheduling.CoroutineScheduler$Worker.executeTask(CoroutineScheduler.kt:793)
	at kotlinx.coroutines.scheduling.CoroutineScheduler$Worker.runWorker(CoroutineScheduler.kt:697)
	at kotlinx.coroutines.scheduling.CoroutineScheduler$Worker.run(CoroutineScheduler.kt:684)
2024-01-14 18:19:17,290 [   6931]   WARN - #com.maddyhome.idea.vim.vimscript.Executor - Failed while executing SetCommand(ranges=Ranges[ranges=[]], argument=quickscope). Unknown option: quickscope
2024-01-14 18:19:18,144 [   7785]   WARN - #c.i.s.ComponentManagerImpl - com.intellij.database.console.session.DatabaseSessionManager initializer requests com.intellij.database.console.session.DatabaseSessionViewService instance
2024-01-14 18:19:18,703 [   8344]   WARN - org.eclipse.lsp4j.jsonrpc.services.GenericEndpoint - Unsupported notification method: @/tailwindCSS/projectInitialized
2024-01-14 18:19:25,387 [  15028]   WARN - org.eclipse.lsp4j.jsonrpc.services.GenericEndpoint - Unsupported notification method: @/tailwindCSS/projectsDestroyed
CompileCommand: exclude com/intellij/openapi/vfs/impl/FilePartNodeRoot.trieDescend bool exclude = true
2024-01-14 18:19:38,167 [    425]   WARN - #c.i.s.ComponentManagerImpl - `preload=true` must be used only for core services (service=com.jetbrains.rdserver.statistics.BackendStatisticsManager, plugin=com.jetbrains.codeWithMe)
2024-01-14 18:19:38,580 [    838]   WARN - #c.i.i.u.UITheme - SplitPane.highlight=#50535B  has # prefix but cannot be parsed as color
2024-01-14 18:19:38,665 [    923]   WARN - #c.i.i.u.UITheme - *.arc has numeric value but specified as string
2024-01-14 18:19:38,669 [    927]   WARN - #c.i.i.u.UITheme - SplitPane.highlight=#50535B  has # prefix but cannot be parsed as color
2024-01-14 18:19:38,854 [   1112]   WARN - #c.i.i.u.UIThemeBean - Do not set theme id in JSON (value=f92a0fa7-1a98-47cd-b5cb-78ff67e6f4f3)
2024-01-14 18:19:38,867 [   1125]   WARN - #c.i.i.u.UIThemeBean - Do not set theme id in JSON (value=1a92aa6f-c2f1-4994-ae01-6a78e43eeb24)
2024-01-14 18:19:38,886 [   1144]   WARN - #c.i.i.u.UIThemeBean - Do not set theme id in JSON (value=4b6007f7-b596-4ee2-96f9-968d3d3eb392)
2024-01-14 18:19:38,897 [   1155]   WARN - #c.i.s.ComponentManagerImpl - com.intellij.psi.search.FilenameIndex initializer requests com.intellij.ide.plugins.PluginUtil instance
2024-01-14 18:19:38,899 [   1157]   WARN - #c.i.i.u.UIThemeBean - Do not set theme id in JSON (value=4f556d32-83cb-4b8b-9932-c4eccc4ce3af)
2024-01-14 18:19:38,930 [   1188]   WARN - #c.i.o.e.c.i.EditorColorsManagerImpl - Skipping '_@user_Night Owl (Material)' because its parent scheme 'Night Owl (Material)' is missing.
2024-01-14 18:19:38,931 [   1189]   WARN - #c.i.o.e.c.i.EditorColorsManagerImpl - Skipping '_@user_Moonlight (Material)' because its parent scheme 'Moonlight (Material)' is missing.
2024-01-14 18:19:39,318 [   1576]   WARN - #c.i.s.ComponentManagerImpl - com.intellij.lang.javascript.psi.jsdoc.impl.JSDocCustomTags initializer requests com.intellij.lang.javascript.JSDisposable instance
2024-01-14 18:19:40,290 [   2548]   WARN - #c.i.s.ComponentManagerImpl - com.intellij.psi.LanguageSubstitutors initializer requests com.intellij.psi.LanguageSubstitutors instance
2024-01-14 18:19:40,322 [   2580]   WARN - #c.i.s.ComponentManagerImpl - com.maddyhome.idea.vim.api.Options initializer requests com.maddyhome.idea.vim.api.SystemInfoService instance
2024-01-14 18:19:40,351 [   2609]   WARN - #c.i.s.ComponentManagerImpl - org.zmlx.hg4idea.provider.HgChangeProvider initializer requests com.intellij.openapi.vcs.FileStatusFactory instance
2024-01-14 18:19:41,620 [   3878]   WARN - #c.i.o.v.n.p.d.e.DurableEnumeratorFactory - [enumerator.mmapped]: .valueToId map is out-of-sync with .valuesLog data -> rebuilding it
2024-01-14 18:19:42,410 [   4668]   WARN - #c.i.i.s.i.StartupManagerImpl - Migrate com.maddyhome.idea.vim.handler.EditorHandlersChainLogger to ProjectActivity [Plugin: IdeaVIM]
com.intellij.diagnostic.PluginException: Migrate com.maddyhome.idea.vim.handler.EditorHandlersChainLogger to ProjectActivity [Plugin: IdeaVIM]
	at com.intellij.ide.startup.impl.StartupManagerImpl.runPostStartupActivities(StartupManagerImpl.kt:277)
	at com.intellij.ide.startup.impl.StartupManagerImpl.access$runPostStartupActivities(StartupManagerImpl.kt:69)
	at com.intellij.ide.startup.impl.StartupManagerImpl$runPostStartupActivities$3$2.invokeSuspend(StartupManagerImpl.kt:192)
	at com.intellij.ide.startup.impl.StartupManagerImpl$runPostStartupActivities$3$2.invoke(StartupManagerImpl.kt)
	at com.intellij.ide.startup.impl.StartupManagerImpl$runPostStartupActivities$3$2.invoke(StartupManagerImpl.kt)
	at kotlinx.coroutines.intrinsics.UndispatchedKt.startUndispatchedOrReturn(Undispatched.kt:78)
	at kotlinx.coroutines.BuildersKt__Builders_commonKt.withContext(Builders.common.kt:167)
	at kotlinx.coroutines.BuildersKt.withContext(Unknown Source)
	at com.intellij.ide.startup.impl.StartupManagerImpl$runPostStartupActivities$3.invokeSuspend(StartupManagerImpl.kt:191)
	at kotlin.coroutines.jvm.internal.BaseContinuationImpl.resumeWith(ContinuationImpl.kt:33)
	at kotlinx.coroutines.DispatchedTask.run(DispatchedTask.kt:108)
	at kotlinx.coroutines.scheduling.CoroutineScheduler.runSafely(CoroutineScheduler.kt:584)
	at kotlinx.coroutines.scheduling.CoroutineScheduler$Worker.executeTask(CoroutineScheduler.kt:793)
	at kotlinx.coroutines.scheduling.CoroutineScheduler$Worker.runWorker(CoroutineScheduler.kt:697)
	at kotlinx.coroutines.scheduling.CoroutineScheduler$Worker.run(CoroutineScheduler.kt:684)
2024-01-14 18:19:42,416 [   4674]   WARN - #c.i.i.s.i.StartupManagerImpl - Migrate com.maddyhome.idea.vim.handler.KeymapChecker to ProjectActivity [Plugin: IdeaVIM]
com.intellij.diagnostic.PluginException: Migrate com.maddyhome.idea.vim.handler.KeymapChecker to ProjectActivity [Plugin: IdeaVIM]
	at com.intellij.ide.startup.impl.StartupManagerImpl.runPostStartupActivities(StartupManagerImpl.kt:277)
	at com.intellij.ide.startup.impl.StartupManagerImpl.access$runPostStartupActivities(StartupManagerImpl.kt:69)
	at com.intellij.ide.startup.impl.StartupManagerImpl$runPostStartupActivities$3$2.invokeSuspend(StartupManagerImpl.kt:192)
	at com.intellij.ide.startup.impl.StartupManagerImpl$runPostStartupActivities$3$2.invoke(StartupManagerImpl.kt)
	at com.intellij.ide.startup.impl.StartupManagerImpl$runPostStartupActivities$3$2.invoke(StartupManagerImpl.kt)
	at kotlinx.coroutines.intrinsics.UndispatchedKt.startUndispatchedOrReturn(Undispatched.kt:78)
	at kotlinx.coroutines.BuildersKt__Builders_commonKt.withContext(Builders.common.kt:167)
	at kotlinx.coroutines.BuildersKt.withContext(Unknown Source)
	at com.intellij.ide.startup.impl.StartupManagerImpl$runPostStartupActivities$3.invokeSuspend(StartupManagerImpl.kt:191)
	at kotlin.coroutines.jvm.internal.BaseContinuationImpl.resumeWith(ContinuationImpl.kt:33)
	at kotlinx.coroutines.DispatchedTask.run(DispatchedTask.kt:108)
	at kotlinx.coroutines.scheduling.CoroutineScheduler.runSafely(CoroutineScheduler.kt:584)
	at kotlinx.coroutines.scheduling.CoroutineScheduler$Worker.executeTask(CoroutineScheduler.kt:793)
	at kotlinx.coroutines.scheduling.CoroutineScheduler$Worker.runWorker(CoroutineScheduler.kt:697)
	at kotlinx.coroutines.scheduling.CoroutineScheduler$Worker.run(CoroutineScheduler.kt:684)
2024-01-14 18:19:42,419 [   4677]   WARN - #c.i.i.s.i.StartupManagerImpl - Migrate com.maddyhome.idea.vim.handler.CopilotKeymapCorrector to ProjectActivity [Plugin: IdeaVIM]
com.intellij.diagnostic.PluginException: Migrate com.maddyhome.idea.vim.handler.CopilotKeymapCorrector to ProjectActivity [Plugin: IdeaVIM]
	at com.intellij.ide.startup.impl.StartupManagerImpl.runPostStartupActivities(StartupManagerImpl.kt:277)
	at com.intellij.ide.startup.impl.StartupManagerImpl.access$runPostStartupActivities(StartupManagerImpl.kt:69)
	at com.intellij.ide.startup.impl.StartupManagerImpl$runPostStartupActivities$3$2.invokeSuspend(StartupManagerImpl.kt:192)
	at com.intellij.ide.startup.impl.StartupManagerImpl$runPostStartupActivities$3$2.invoke(StartupManagerImpl.kt)
	at com.intellij.ide.startup.impl.StartupManagerImpl$runPostStartupActivities$3$2.invoke(StartupManagerImpl.kt)
	at kotlinx.coroutines.intrinsics.UndispatchedKt.startUndispatchedOrReturn(Undispatched.kt:78)
	at kotlinx.coroutines.BuildersKt__Builders_commonKt.withContext(Builders.common.kt:167)
	at kotlinx.coroutines.BuildersKt.withContext(Unknown Source)
	at com.intellij.ide.startup.impl.StartupManagerImpl$runPostStartupActivities$3.invokeSuspend(StartupManagerImpl.kt:191)
	at kotlin.coroutines.jvm.internal.BaseContinuationImpl.resumeWith(ContinuationImpl.kt:33)
	at kotlinx.coroutines.DispatchedTask.run(DispatchedTask.kt:108)
	at kotlinx.coroutines.scheduling.CoroutineScheduler.runSafely(CoroutineScheduler.kt:584)
	at kotlinx.coroutines.scheduling.CoroutineScheduler$Worker.executeTask(CoroutineScheduler.kt:793)
	at kotlinx.coroutines.scheduling.CoroutineScheduler$Worker.runWorker(CoroutineScheduler.kt:697)
	at kotlinx.coroutines.scheduling.CoroutineScheduler$Worker.run(CoroutineScheduler.kt:684)
2024-01-14 18:19:42,664 [   4922]   WARN - #c.i.i.s.p.i.BundledSharedIndexPostStartupActivity - Skipped 1 pre-built shared indexes: bundled-js-predefined-1d06a55b98c1-c44b541a36ca-JavaScript-PS-233.13135.108
2024-01-14 18:19:42,742 [   5000]   WARN - #c.i.i.s.i.StartupManagerImpl - Migrate com.jetbrains.php.tools.quality.psalm.PsalmSettingsTransferStartupActivity to ProjectActivity [Plugin: com.intellij.php.psalm]
com.intellij.diagnostic.PluginException: Migrate com.jetbrains.php.tools.quality.psalm.PsalmSettingsTransferStartupActivity to ProjectActivity [Plugin: com.intellij.php.psalm]
	at com.intellij.ide.startup.impl.StartupManagerImpl.runPostStartupActivities(StartupManagerImpl.kt:277)
	at com.intellij.ide.startup.impl.StartupManagerImpl.access$runPostStartupActivities(StartupManagerImpl.kt:69)
	at com.intellij.ide.startup.impl.StartupManagerImpl$runPostStartupActivities$3$2.invokeSuspend(StartupManagerImpl.kt:192)
	at com.intellij.ide.startup.impl.StartupManagerImpl$runPostStartupActivities$3$2.invoke(StartupManagerImpl.kt)
	at com.intellij.ide.startup.impl.StartupManagerImpl$runPostStartupActivities$3$2.invoke(StartupManagerImpl.kt)
	at kotlinx.coroutines.intrinsics.UndispatchedKt.startUndispatchedOrReturn(Undispatched.kt:78)
	at kotlinx.coroutines.BuildersKt__Builders_commonKt.withContext(Builders.common.kt:167)
	at kotlinx.coroutines.BuildersKt.withContext(Unknown Source)
	at com.intellij.ide.startup.impl.StartupManagerImpl$runPostStartupActivities$3.invokeSuspend(StartupManagerImpl.kt:191)
	at kotlin.coroutines.jvm.internal.BaseContinuationImpl.resumeWith(ContinuationImpl.kt:33)
	at kotlinx.coroutines.DispatchedTask.run(DispatchedTask.kt:108)
	at kotlinx.coroutines.scheduling.CoroutineScheduler.runSafely(CoroutineScheduler.kt:584)
	at kotlinx.coroutines.scheduling.CoroutineScheduler$Worker.executeTask(CoroutineScheduler.kt:793)
	at kotlinx.coroutines.scheduling.CoroutineScheduler$Worker.runWorker(CoroutineScheduler.kt:697)
	at kotlinx.coroutines.scheduling.CoroutineScheduler$Worker.run(CoroutineScheduler.kt:684)
2024-01-14 18:19:42,753 [   5011]   WARN - #c.i.i.s.i.StartupManagerImpl - Migrate com.jetbrains.php.tools.quality.phpstan.PhpStanSettingsTransferStartupActivity to ProjectActivity [Plugin: com.intellij.php.tools.quality.phpstan]
com.intellij.diagnostic.PluginException: Migrate com.jetbrains.php.tools.quality.phpstan.PhpStanSettingsTransferStartupActivity to ProjectActivity [Plugin: com.intellij.php.tools.quality.phpstan]
	at com.intellij.ide.startup.impl.StartupManagerImpl.runPostStartupActivities(StartupManagerImpl.kt:277)
	at com.intellij.ide.startup.impl.StartupManagerImpl.access$runPostStartupActivities(StartupManagerImpl.kt:69)
	at com.intellij.ide.startup.impl.StartupManagerImpl$runPostStartupActivities$3$2.invokeSuspend(StartupManagerImpl.kt:192)
	at com.intellij.ide.startup.impl.StartupManagerImpl$runPostStartupActivities$3$2.invoke(StartupManagerImpl.kt)
	at com.intellij.ide.startup.impl.StartupManagerImpl$runPostStartupActivities$3$2.invoke(StartupManagerImpl.kt)
	at kotlinx.coroutines.intrinsics.UndispatchedKt.startUndispatchedOrReturn(Undispatched.kt:78)
	at kotlinx.coroutines.BuildersKt__Builders_commonKt.withContext(Builders.common.kt:167)
	at kotlinx.coroutines.BuildersKt.withContext(Unknown Source)
	at com.intellij.ide.startup.impl.StartupManagerImpl$runPostStartupActivities$3.invokeSuspend(StartupManagerImpl.kt:191)
	at kotlin.coroutines.jvm.internal.BaseContinuationImpl.resumeWith(ContinuationImpl.kt:33)
	at kotlinx.coroutines.DispatchedTask.run(DispatchedTask.kt:108)
	at kotlinx.coroutines.scheduling.CoroutineScheduler.runSafely(CoroutineScheduler.kt:584)
	at kotlinx.coroutines.scheduling.CoroutineScheduler$Worker.executeTask(CoroutineScheduler.kt:793)
	at kotlinx.coroutines.scheduling.CoroutineScheduler$Worker.runWorker(CoroutineScheduler.kt:697)
	at kotlinx.coroutines.scheduling.CoroutineScheduler$Worker.run(CoroutineScheduler.kt:684)
2024-01-14 18:19:42,775 [   5033]   WARN - #c.i.i.s.i.StartupManagerImpl - Migrate ಷѹ to ProjectActivity [Plugin: izhangzhihao.rainbow.brackets]
com.intellij.diagnostic.PluginException: Migrate ಷѹ to ProjectActivity [Plugin: izhangzhihao.rainbow.brackets]
	at com.intellij.ide.startup.impl.StartupManagerImpl.runPostStartupActivities(StartupManagerImpl.kt:277)
	at com.intellij.ide.startup.impl.StartupManagerImpl.access$runPostStartupActivities(StartupManagerImpl.kt:69)
	at com.intellij.ide.startup.impl.StartupManagerImpl$runPostStartupActivities$3$2.invokeSuspend(StartupManagerImpl.kt:192)
	at com.intellij.ide.startup.impl.StartupManagerImpl$runPostStartupActivities$3$2.invoke(StartupManagerImpl.kt)
	at com.intellij.ide.startup.impl.StartupManagerImpl$runPostStartupActivities$3$2.invoke(StartupManagerImpl.kt)
	at kotlinx.coroutines.intrinsics.UndispatchedKt.startUndispatchedOrReturn(Undispatched.kt:78)
	at kotlinx.coroutines.BuildersKt__Builders_commonKt.withContext(Builders.common.kt:167)
	at kotlinx.coroutines.BuildersKt.withContext(Unknown Source)
	at com.intellij.ide.startup.impl.StartupManagerImpl$runPostStartupActivities$3.invokeSuspend(StartupManagerImpl.kt:191)
	at kotlin.coroutines.jvm.internal.BaseContinuationImpl.resumeWith(ContinuationImpl.kt:33)
	at kotlinx.coroutines.DispatchedTask.run(DispatchedTask.kt:108)
	at kotlinx.coroutines.scheduling.CoroutineScheduler.runSafely(CoroutineScheduler.kt:584)
	at kotlinx.coroutines.scheduling.CoroutineScheduler$Worker.executeTask(CoroutineScheduler.kt:793)
	at kotlinx.coroutines.scheduling.CoroutineScheduler$Worker.runWorker(CoroutineScheduler.kt:697)
	at kotlinx.coroutines.scheduling.CoroutineScheduler$Worker.run(CoroutineScheduler.kt:684)
2024-01-14 18:19:42,827 [   5085]   WARN - #c.i.i.s.i.StartupManagerImpl - Migrate Ёด to ProjectActivity [Plugin: izhangzhihao.rainbow.brackets]
com.intellij.diagnostic.PluginException: Migrate Ёด to ProjectActivity [Plugin: izhangzhihao.rainbow.brackets]
	at com.intellij.ide.startup.impl.StartupManagerImpl.runPostStartupActivities(StartupManagerImpl.kt:277)
	at com.intellij.ide.startup.impl.StartupManagerImpl.access$runPostStartupActivities(StartupManagerImpl.kt:69)
	at com.intellij.ide.startup.impl.StartupManagerImpl$runPostStartupActivities$3$2.invokeSuspend(StartupManagerImpl.kt:192)
	at com.intellij.ide.startup.impl.StartupManagerImpl$runPostStartupActivities$3$2.invoke(StartupManagerImpl.kt)
	at com.intellij.ide.startup.impl.StartupManagerImpl$runPostStartupActivities$3$2.invoke(StartupManagerImpl.kt)
	at kotlinx.coroutines.intrinsics.UndispatchedKt.startUndispatchedOrReturn(Undispatched.kt:78)
	at kotlinx.coroutines.BuildersKt__Builders_commonKt.withContext(Builders.common.kt:167)
	at kotlinx.coroutines.BuildersKt.withContext(Unknown Source)
	at com.intellij.ide.startup.impl.StartupManagerImpl$runPostStartupActivities$3.invokeSuspend(StartupManagerImpl.kt:191)
	at kotlin.coroutines.jvm.internal.BaseContinuationImpl.resumeWith(ContinuationImpl.kt:33)
	at kotlinx.coroutines.DispatchedTask.run(DispatchedTask.kt:108)
	at kotlinx.coroutines.scheduling.CoroutineScheduler.runSafely(CoroutineScheduler.kt:584)
	at kotlinx.coroutines.scheduling.CoroutineScheduler$Worker.executeTask(CoroutineScheduler.kt:793)
	at kotlinx.coroutines.scheduling.CoroutineScheduler$Worker.runWorker(CoroutineScheduler.kt:697)
	at kotlinx.coroutines.scheduling.CoroutineScheduler$Worker.run(CoroutineScheduler.kt:684)
2024-01-14 18:19:43,046 [   5304]   WARN - #o.j.p.t.TextMateService - Cannot find referenced file `./language-configuration.json` in bundle `/home/zancc/.local/share/JetBrains/Toolbox/apps/phpstorm/plugins/textmate/lib/bundles/mdx`
2024-01-14 18:19:43,572 [   5830]   WARN - #com.maddyhome.idea.vim.vimscript.Executor - Failed while executing SetCommand(ranges=Ranges[ranges=[]], argument=quickscope). Unknown option: quickscope
2024-01-14 18:19:44,363 [   6621]   WARN - #c.i.s.ComponentManagerImpl - com.intellij.database.console.session.DatabaseSessionManager initializer requests com.intellij.database.console.session.DatabaseSessionViewService instance
2024-01-14 18:19:44,546 [   6804]   WARN - #c.i.o.a.i.ActionUpdater - 795 ms to grab EDT for EditorMarkupModelImpl$1#Update@EditorInspectionsToolbar (com.intellij.openapi.editor.impl.EditorMarkupModelImpl$1)
2024-01-14 18:19:44,546 [   6804]   WARN - #c.i.o.a.i.ActionUpdater - 795 ms to grab EDT for EditorMarkupModelImpl$TrafficLightAction#Update@EditorInspectionsToolbar (com.intellij.openapi.editor.impl.EditorMarkupModelImpl$TrafficLightAction)
2024-01-14 18:19:44,547 [   6805]   WARN - #c.i.o.a.i.ActionUpdater - 794 ms to grab EDT for ReviewModeActionGroup#Update@EditorInspectionsToolbar (org.jetbrains.plugins.gitlab.mergerequest.ui.editor.action.ReviewModeActionGroup)
2024-01-14 18:19:44,553 [   6811]   WARN - #c.j.p.PhpIndex - Completing type '#π(#M#C\App\Models\User.latest)' took 826ms, visited:[#π(#M#C\App\Models\User.latest)]
2024-01-14 18:19:45,013 [   7271]   WARN - org.eclipse.lsp4j.jsonrpc.services.GenericEndpoint - Unsupported notification method: @/tailwindCSS/projectInitialized
2024-01-14 18:20:08,295 [  30553]   WARN - #c.i.p.l.i.c.Lsp4jServerConnector - TailwindLspServerDescriptor@livewire-learn: `shutdown` request failed: java.util.concurrent.ExecutionException: org.eclipse.lsp4j.jsonrpc.JsonRpcException: java.io.IOException: Stream closed
2024-01-14 18:20:08,798 [  31056]   WARN - #c.i.i.s.p.i.BundledSharedIndexPostStartupActivity - Skipped 1 pre-built shared indexes: bundled-js-predefined-1d06a55b98c1-c44b541a36ca-JavaScript-PS-233.13135.108
2024-01-14 18:20:09,006 [  31264]   WARN - #c.i.s.ComponentManagerImpl - com.maddyhome.idea.vim.helper.VimStandalonePluginUpdateChecker initializer requests com.maddyhome.idea.vim.helper.VimStandalonePluginUpdateChecker instance
2024-01-14 18:20:09,032 [  31290]   WARN - #c.i.s.ComponentManagerImpl - com.intellij.ui.jcef.JBCefApp$Holder initializer requests com.intellij.ui.jcef.JBCefAppCache instance

(java:34198): Gtk-WARNING **: 18:20:09.595: gtk_disable_setlocale() must be called before gtk_init()
2024-01-14 18:20:15,136 [  37394]   WARN - #org.editorconfig.language.schema.parser.EditorConfigJsonSchemaParser - Found illegal descriptor: {}
2024-01-14 18:20:15,136 [  37394]   WARN - #org.editorconfig.language.schema.parser.EditorConfigJsonSchemaParser - Found illegal descriptor: {}
2024-01-14 18:20:15,155 [  37413]   WARN - #org.editorconfig.language.schema.parser.EditorConfigJsonSchemaParser - Found illegal descriptor: {}
2024-01-14 18:20:15,157 [  37415]   WARN - #org.editorconfig.language.schema.parser.EditorConfigJsonSchemaParser - Found illegal descriptor: {}
2024-01-14 18:20:15,160 [  37418]   WARN - #org.editorconfig.language.schema.parser.EditorConfigJsonSchemaParser - Found illegal descriptor: {}
2024-01-14 18:20:15,160 [  37418]   WARN - #org.editorconfig.language.schema.parser.EditorConfigJsonSchemaParser - Found illegal descriptor: {}
2024-01-14 18:20:15,161 [  37419]   WARN - #org.editorconfig.language.schema.parser.EditorConfigJsonSchemaParser - Found illegal descriptor: {}
2024-01-14 18:20:15,161 [  37419]   WARN - #org.editorconfig.language.schema.parser.EditorConfigJsonSchemaParser - Found illegal descriptor: {}
2024-01-14 18:20:38,145 [  60403]   WARN - #c.i.u.x.Binding - no accessors for com.intellij.ide.util.TipsUsageManager$State
2024-01-14 18:23:06,569 [ 208827] SEVERE - com.jediterm.terminal.model.TerminalTextBuffer - Attempt to get line out of bounds: 12 >= 12
2024-01-14 18:23:06,569 [ 208827] SEVERE - com.jediterm.terminal.model.TerminalTextBuffer - Attempt to get line out of bounds: 12 >= 12
2024-01-14 18:24:02,169 [ 264427] SEVERE - com.jediterm.terminal.model.TerminalTextBuffer - Attempt to get line out of bounds: 12 >= 12
2024-01-14 18:24:02,169 [ 264427] SEVERE - com.jediterm.terminal.model.TerminalTextBuffer - Attempt to get line out of bounds: 12 >= 12
2024-01-14 18:27:05,744 [ 448002]   WARN - org.eclipse.lsp4j.jsonrpc.services.GenericEndpoint - Unsupported notification method: @/tailwindCSS/projectInitialized
2024-01-14 21:30:30,368 [11452626] SEVERE - com.github.benmanes.caffeine.cache.BoundedLocalCache - An invalid state was detected, occurring when the key's equals or hashCode was modified while residing in the cache. This violation of the Map contract can lead to non-deterministic behavior (key: LayeredIcon(w=16, h=16, icons=[PatchedRasterizedImageDataLoader(classLoader=PluginClassLoader(plugin=PluginDescriptor(name=Atom Material Icons, id=com.mallowigi, descriptorPath=plugin.xml, path=~/.local/share/JetBrains/PhpStorm2023.3/Atom Material Icons, version=94.1.0, package=null, isBundled=false), packagePrefix=null, state=active), path=files/fileTypes/text.svg), PatchedRasterizedImageDataLoader(classLoader=com.intellij.util.lang.PathClassLoader@ba4d54, path=expui/fileTypes/scratch.svg)], key type: com.intellij.ide.scratch.ScratchFileTypeIcon, node type: PSAMS, cache type: SSMSA).
java.lang.IllegalStateException
	at com.github.benmanes.caffeine.cache.BoundedLocalCache.logIfAlive(BoundedLocalCache.java:304)
	at com.github.benmanes.caffeine.cache.BoundedLocalCache.evictEntry(BoundedLocalCache.java:1104)
	at com.github.benmanes.caffeine.cache.BoundedLocalCache.expireAfterAccessEntries(BoundedLocalCache.java:939)
	at com.github.benmanes.caffeine.cache.BoundedLocalCache.expireAfterAccessEntries(BoundedLocalCache.java:925)
	at com.github.benmanes.caffeine.cache.BoundedLocalCache.expireEntries(BoundedLocalCache.java:903)
	at com.github.benmanes.caffeine.cache.BoundedLocalCache.maintenance(BoundedLocalCache.java:1721)
	at com.github.benmanes.caffeine.cache.BoundedLocalCache.performCleanUp(BoundedLocalCache.java:1660)
	at com.github.benmanes.caffeine.cache.BoundedLocalCache$PerformCleanupTask.run(BoundedLocalCache.java:3886)
	at kotlinx.coroutines.scheduling.TaskImpl.run(Tasks.kt:103)
	at kotlinx.coroutines.scheduling.CoroutineScheduler.runSafely(CoroutineScheduler.kt:584)
	at kotlinx.coroutines.scheduling.CoroutineScheduler$Worker.executeTask(CoroutineScheduler.kt:793)
	at kotlinx.coroutines.scheduling.CoroutineScheduler$Worker.runWorker(CoroutineScheduler.kt:697)
	at kotlinx.coroutines.scheduling.CoroutineScheduler$Worker.run(CoroutineScheduler.kt:684)
